<?xml version="1.0" encoding="UTF-8"?>
<!-- Generated by org.testng.reporters.JUnitReportReporter -->
<testsuite hostname="LAPTOP-A95QJMDA" failures="0" tests="1" name="learning.AnnotationHierarchyExamples" time="0.012" errors="0" timestamp="2022-04-11T15:59:59 CDT" skipped="0">
  <testcase classname="learning.AnnotationHierarchyExamples" name="f" time="0.012"/>
  <system-out/>
</testsuite> <!-- learning.AnnotationHierarchyExamples -->
