<?xml version="1.0" encoding="UTF-8"?>
<!-- Generated by org.testng.reporters.JUnitReportReporter -->
<testsuite hostname="LAPTOP-A95QJMDA" failures="0" tests="1" name="learning.SampleTestCase" time="0.011" errors="0" timestamp="2022-04-11T17:05:51 CDT" skipped="0">
  <testcase classname="learning.SampleTestCase" name="FirstTestCase" time="0.011"/>
  <system-out/>
</testsuite> <!-- learning.SampleTestCase -->
