<?xml version="1.0" encoding="UTF-8"?>
<!-- Generated by org.testng.reporters.JUnitReportReporter -->
<testsuite hostname="LAPTOP-A95QJMDA" failures="0" tests="1" name="learning.AssertionsExample" time="0.016" errors="0" timestamp="2022-04-08T16:27:38 CDT" skipped="0">
  <testcase classname="learning.AssertionsExample" name="checkEqual" time="0.016"/>
  <system-out/>
</testsuite> <!-- learning.AssertionsExample -->
